<?xml version="1.0" encoding="UTF-8"?>
<testsuite xmlns:xsi="http://www.w3.org/2001/XMLSchema-instance" xsi:noNamespaceSchemaLocation="https://maven.apache.org/surefire/maven-surefire-plugin/xsd/surefire-test-report.xsd" name="com.weather.weatherbackend.WeatherBackendApplicationTests" time="14.679" tests="7" errors="0" skipped="0" failures="0">
  <properties>
[...]
</properties>
  <testcase name="testCreateUser" classname="com.weather.weatherbackend.WeatherBackendApplicationTests" time="1.253"/>
  <testcase name="testLoginUser" classname="com.weather.weatherbackend.WeatherBackendApplicationTests" time="0.238"/>
  <testcase name="takeCityWeather" classname="com.weather.weatherbackend.WeatherBackendApplicationTests" time="0.523"/>
  <testcase name="favoriteAdd" classname="com.weather.weatherbackend.WeatherBackendApplicationTests" time="2.666"/>
  <testcase name="favoriteGet" classname="com.weather.weatherbackend.WeatherBackendApplicationTests" time="0.342"/>
  <testcase name="deleteFavorite" classname="com.weather.weatherbackend.WeatherBackendApplicationTests" time="0.329"/>
  <testcase name="testLogout" classname="com.weather.weatherbackend.WeatherBackendApplicationTests" time="0.418"/>
</testsuite>